<?xml version="1.0" encoding="UTF-8"?>
<!-- Generated by org.testng.reporters.JUnitXMLReporter -->
<testsuite ignored="0" hostname="lin80025683" failures="1" tests="1" name="Default test" time="1.216" errors="0" timestamp="2023-07-26T21:16:41 IST">
  <testcase classname="io.cucumber.testng.AbstractTestNGCucumberTests" name="runScenario" time="0.45">
    <failure type="java.lang.NullPointerException" message="Cannot invoke &amp;quot;org.openqa.selenium.WebDriver.get(String)&amp;quot; because &amp;quot;com.capgemini.utils.Helper.driver&amp;quot; is null">
      <![CDATA[java.lang.NullPointerException: Cannot invoke "org.openqa.selenium.WebDriver.get(String)" because "com.capgemini.utils.Helper.driver" is null
at com.capgemini.utils.Helper.openPage(Helper.java:56)
at com.capgemini.stepdefinitions.MyLearningPlatformDefinitions.userLandsOnMyLearningPage(MyLearningPlatformDefinitions.java:44)
at ✽.user lands on MyLearning page "https://mylearning.capgemini.com/"(file:///C:/Users/GORAJU/eclipse-workspace/MyLearningPlatform/src/test/java/com/capgemini/features/MyLearningPlatform.feature:5)
]]>
    </failure>
  </testcase> <!-- runScenario -->
</testsuite> <!-- Default test -->
