<?xml version="1.0" encoding="UTF-8"?>
<testng-results ignored="0" total="1" passed="0" failed="1" skipped="0">
  <reporter-output>
  </reporter-output>
  <suite started-at="2023-07-26T21:16:40 IST" name="Default suite" finished-at="2023-07-26T21:16:41 IST" duration-ms="1216">
    <groups>
      <group name="cucumber">
        <method signature="AbstractTestNGCucumberTests.runScenario(io.cucumber.testng.PickleWrapper,io.cucumber.testng.FeatureWrapper)[pri:0, instance:com.capgemini.runner.RunnersTests@543295b0]" name="runScenario" class="io.cucumber.testng.AbstractTestNGCucumberTests"/>
      </group> <!-- cucumber -->
    </groups>
    <test started-at="2023-07-26T21:16:40 IST" name="Default test" finished-at="2023-07-26T21:16:41 IST" duration-ms="1216">
      <class name="com.capgemini.runner.RunnersTests">
        <test-method is-config="true" signature="setUpClass(org.testng.ITestContext)[pri:0, instance:com.capgemini.runner.RunnersTests@543295b0]" started-at="2023-07-26T21:16:40 IST" name="setUpClass" finished-at="2023-07-26T21:16:41 IST" duration-ms="696" status="PASS">
          <params>
            <param index="0">
              <value>
                <![CDATA[org.testng.TestRunner@56f2bbea]]>
              </value>
            </param>
          </params>
          <reporter-output>
          </reporter-output>
        </test-method> <!-- setUpClass -->
        <test-method signature="runScenario(io.cucumber.testng.PickleWrapper,io.cucumber.testng.FeatureWrapper)[pri:0, instance:com.capgemini.runner.RunnersTests@543295b0]" started-at="2023-07-26T21:16:41 IST" name="runScenario" description="Runs Cucumber Scenarios" data-provider="scenarios" finished-at="2023-07-26T21:16:41 IST" duration-ms="450" status="FAIL">
          <params>
            <param index="0">
              <value>
                <![CDATA["My learning platform mandatory courses validation"]]>
              </value>
            </param>
            <param index="1">
              <value>
                <![CDATA["My learning platform"]]>
              </value>
            </param>
          </params>
          <exception class="java.lang.NullPointerException">
            <message>
              <![CDATA[Cannot invoke "org.openqa.selenium.WebDriver.get(String)" because "com.capgemini.utils.Helper.driver" is null]]>
            </message>
            <full-stacktrace>
              <![CDATA[java.lang.NullPointerException: Cannot invoke "org.openqa.selenium.WebDriver.get(String)" because "com.capgemini.utils.Helper.driver" is null
at com.capgemini.utils.Helper.openPage(Helper.java:56)
at com.capgemini.stepdefinitions.MyLearningPlatformDefinitions.userLandsOnMyLearningPage(MyLearningPlatformDefinitions.java:44)
at ✽.user lands on MyLearning page "https://mylearning.capgemini.com/"(file:///C:/Users/GORAJU/eclipse-workspace/MyLearningPlatform/src/test/java/com/capgemini/features/MyLearningPlatform.feature:5)
]]>
            </full-stacktrace>
          </exception> <!-- java.lang.NullPointerException -->
          <reporter-output>
          </reporter-output>
        </test-method> <!-- runScenario -->
        <test-method is-config="true" signature="tearDownClass()[pri:0, instance:com.capgemini.runner.RunnersTests@543295b0]" started-at="2023-07-26T21:16:41 IST" name="tearDownClass" finished-at="2023-07-26T21:16:41 IST" duration-ms="3" status="PASS">
          <reporter-output>
          </reporter-output>
        </test-method> <!-- tearDownClass -->
      </class> <!-- com.capgemini.runner.RunnersTests -->
    </test> <!-- Default test -->
  </suite> <!-- Default suite -->
</testng-results>
